C:\Program Files (x86)\Microsoft Visual Studio\2017\Community\Common7\IDE\VC\VCTargets\Microsoft.CppBuild.targets(387,5): warning MSB8028: The intermediate directory (x64\Debug\) contains files shared from another project (Bullet3Collision.vcxproj, Bullet3Common.vcxproj, Bullet3Dynamics.vcxproj, Bullet3Geometry.vcxproj, Bullet3OpenCL_clew.vcxproj, BulletExampleBrowserLib.vcxproj, BulletInverseDynamicsUtils.vcxproj, BulletInverseDynamics.vcxproj, BulletSoftBody.vcxproj, BussIK.vcxproj, gwen.vcxproj, LinearMath.vcxproj, OpenGL_Window.vcxproj).  This can lead to incorrect clean and rebuild behavior.
  btKinematicCharacterController.cpp
  btConeTwistConstraint.cpp
  btContactConstraint.cpp
  btFixedConstraint.cpp
  btGearConstraint.cpp
  btGeneric6DofConstraint.cpp
  btGeneric6DofSpring2Constraint.cpp
  btGeneric6DofSpringConstraint.cpp
  btHinge2Constraint.cpp
  btHingeConstraint.cpp
  btNNCGConstraintSolver.cpp
  btPoint2PointConstraint.cpp
  btSequentialImpulseConstraintSolver.cpp
  btSliderConstraint.cpp
  btSolve2LinearConstraint.cpp
  btTypedConstraint.cpp
  btUniversalConstraint.cpp
  btDiscreteDynamicsWorld.cpp
  btDiscreteDynamicsWorldMt.cpp
  btRigidBody.cpp
  btSimpleDynamicsWorld.cpp
  btSimulationIslandManagerMt.cpp
  btMultiBody.cpp
  btMultiBodyConstraint.cpp
  btMultiBodyConstraintSolver.cpp
  btMultiBodyDynamicsWorld.cpp
  btMultiBodyFixedConstraint.cpp
  btMultiBodyGearConstraint.cpp
  btMultiBodyJointLimitConstraint.cpp
  btMultiBodyJointMotor.cpp
  btMultiBodyPoint2Point.cpp
  btMultiBodySliderConstraint.cpp
  btDantzigLCP.cpp
  btLemkeAlgorithm.cpp
  btMLCPSolver.cpp
  btRaycastVehicle.cpp
  btWheelInfo.cpp
  BulletDynamics.vcxproj -> E:\bsc-live-coding\Libraries\bullet3-2.87\build3\vs2010\x64\Debug\BulletDynamics.lib
