C:\Program Files (x86)\Microsoft Visual Studio\2017\Community\Common7\IDE\VC\VCTargets\Microsoft.CppBuild.targets(387,5): warning MSB8028: The intermediate directory (x64\Debug\) contains files shared from another project (Bullet3Collision.vcxproj, Bullet3Common.vcxproj, Bullet3Dynamics.vcxproj, Bullet3Geometry.vcxproj, BulletExampleBrowserLib.vcxproj, BussIK.vcxproj, gwen.vcxproj, OpenGL_Window.vcxproj).  This can lead to incorrect clean and rebuild behavior.
  b3GpuGridBroadphase.cpp
  b3GpuParallelLinearBvh.cpp
  b3GpuParallelLinearBvhBroadphase.cpp
  b3GpuSapBroadphase.cpp
  b3OpenCLUtils.cpp
  b3ContactCache.cpp
  b3ConvexHullContact.cpp
  b3GjkEpa.cpp
  b3OptimizedBvh.cpp
  b3QuantizedBvh.cpp
  b3StridingMeshInterface.cpp
  b3TriangleCallback.cpp
  b3TriangleIndexVertexArray.cpp
  b3VoronoiSimplexSolver.cpp
  b3BoundSearchCL.cpp
  b3FillCL.cpp
  b3LauncherCL.cpp
  b3PrefixScanCL.cpp
  b3PrefixScanFloat4CL.cpp
  b3RadixSort32CL.cpp
  b3GpuRaycast.cpp
  b3GpuGenericConstraint.cpp
  b3GpuJacobiContactSolver.cpp
  b3GpuNarrowPhase.cpp
  b3GpuPgsConstraintSolver.cpp
  b3GpuPgsContactSolver.cpp
  b3GpuRigidBodyPipeline.cpp
  b3Solver.cpp
  clew.c
..\..\src\clew\clew.c(136): warning C4133: 'function': incompatible types - from 'const char *' to 'LPCWSTR'
  Bullet3OpenCL_clew.vcxproj -> E:\bsc-live-coding\Libraries\bullet3-2.87\build3\vs2010\x64\Debug\Bullet3OpenCL_clew.lib
