  glew.c
  Anim.cpp
  BaseRender.cpp
  Base.cpp
  Button.cpp
  Canvas.cpp
  CheckBox.cpp
  ColorControls.cpp
  ColorPicker.cpp
  ComboBox.cpp
  CrossSplitter.cpp
  FileOpen.cpp
  FileSave.cpp
  Query.cpp
  DockBase.cpp
  DockedTabControl.cpp
  Dragger.cpp
  GroupBox.cpp
  HSVColorPicker.cpp
  HorizontalScrollBar.cpp
  HorizontalSlider.cpp
  ImagePanel.cpp
  Label.cpp
  LabelClickable.cpp
  ListBox.cpp
  Menu.cpp
  MenuItem.cpp
  MenuStrip.cpp
  NumericUpDown.cpp
  PanelListPanel.cpp
  ProgressBar.cpp
  Properties.cpp
  RadioButton.cpp
  RadioButtonController.cpp
  ResizableControl.cpp
  Resizer.cpp
  RichLabel.cpp
  ScrollBar.cpp
  ScrollBarBar.cpp
  ScrollBarButton.cpp
  ScrollControl.cpp
  Slider.cpp
  SplitterBar.cpp
  TabButton.cpp
  TabControl.cpp
  TabStrip.cpp
  Text.cpp
  TextBox.cpp
  TextBoxNumeric.cpp
  TreeControl.cpp
  TreeNode.cpp
  VerticalScrollBar.cpp
  VerticalSlider.cpp
  WindowControl.cpp
  DragAndDrop.cpp
  Gwen.cpp
  Hook.cpp
  Null.cpp
  Windows.cpp
  OpenGL_DebugFont.cpp
  Skin.cpp
  ToolTip.cpp
  Utility.cpp
  events.cpp
  inputhandler.cpp
Null.obj : warning LNK4221: This object file does not define any previously undefined public symbols, so it will not be used by any link operation that consumes this library
ImagePanel.obj : warning LNK4221: This object file does not define any previously undefined public symbols, so it will not be used by any link operation that consumes this library
Query.obj : warning LNK4221: This object file does not define any previously undefined public symbols, so it will not be used by any link operation that consumes this library
  gwen.vcxproj -> E:\bsc-live-coding\Libraries\bullet3-2.87\build3\vs2010\..\..\bin\gwen.lib
