  EGLOpenGLWindow.cpp
  GLFWOpenGLWindow.cpp
  GLInstancingRenderer.cpp
  GLPrimitiveRenderer.cpp
  GLRenderToTexture.cpp
  LoadShader.cpp
  OpenSans.cpp
  SimpleCamera.cpp
  SimpleOpenGL2App.cpp
  SimpleOpenGL2Renderer.cpp
..\..\examples\OpenGLWindow\GLInstancingRenderer.cpp(342): warning C4316: 'InternalDataRenderer': object allocated on the heap may not be aligned 16
..\..\examples\OpenGLWindow\GLInstancingRenderer.cpp(1054): warning C4316: 'b3GraphicsInstance': object allocated on the heap may not be aligned 16
  SimpleOpenGL3App.cpp
  TwFonts.cpp
  Win32OpenGLWindow.cpp
  Win32Window.cpp
  fontstash.cpp
  opengl_fontstashcallbacks.cpp
..\..\examples\OpenGLWindow\fontstash.cpp(225): warning C4996: 'fopen': This function or variable may be unsafe. Consider using fopen_s instead. To disable deprecation, use _CRT_SECURE_NO_WARNINGS. See online help for details.
  C:\Program Files (x86)\Windows Kits\10\Include\10.0.15063.0\ucrt\stdio.h(207): note: see declaration of 'fopen'
E:\bsc-live-coding\Libraries\bullet3-2.87\examples\ThirdPartyLibs\stb_image/stb_image_write.h(156): warning C4996: 'fopen': This function or variable may be unsafe. Consider using fopen_s instead. To disable deprecation, use _CRT_SECURE_NO_WARNINGS. See online help for details. (compiling source file ..\..\examples\OpenGLWindow\opengl_fontstashcallbacks.cpp)
  C:\Program Files (x86)\Windows Kits\10\Include\10.0.15063.0\ucrt\stdio.h(207): note: see declaration of 'fopen' (compiling source file ..\..\examples\OpenGLWindow\opengl_fontstashcallbacks.cpp)
E:\bsc-live-coding\Libraries\bullet3-2.87\examples\ThirdPartyLibs\stb_image/stb_image_write.h(495): warning C4996: 'fopen': This function or variable may be unsafe. Consider using fopen_s instead. To disable deprecation, use _CRT_SECURE_NO_WARNINGS. See online help for details. (compiling source file ..\..\examples\OpenGLWindow\opengl_fontstashcallbacks.cpp)
  C:\Program Files (x86)\Windows Kits\10\Include\10.0.15063.0\ucrt\stdio.h(207): note: see declaration of 'fopen' (compiling source file ..\..\examples\OpenGLWindow\opengl_fontstashcallbacks.cpp)
  glew.c
  OpenGL_Window.vcxproj -> E:\bsc-live-coding\Libraries\bullet3-2.87\build3\vs2010\..\..\bin\OpenGL_Window.lib
